# JRE version: Java(TM) SE Runtime Environment (14.0.2+12) (build 14.0.2+12-46)
# Java VM: Java HotSpot(TM) 64-Bit Server VM (14.0.2+12-46, mixed mode, sharing, tiered, compressed oops, g1 gc, bsd-amd64)
Heap:
 garbage-first heap   total 133120K, used 33973K [0x0000000780000000, 0x0000000800000000)
  region size 1024K, 21 young (21504K), 1 survivors (1024K)
 Metaspace       used 19561K, capacity 20448K, committed 20608K, reserved 1067008K
  class space    used 2812K, capacity 3158K, committed 3200K, reserved 1048576K
GC Heap History (20 events):
Event: 25.041 GC heap before
{Heap before GC invocations=17 (full 0):
 garbage-first heap   total 133120K, used 91288K [0x0000000780000000, 0x0000000800000000)
  region size 1024K, 76 young (77824K), 1 survivors (1024K)
 Metaspace       used 19550K, capacity 20448K, committed 20608K, reserved 1067008K
  class space    used 2812K, capacity 3158K, committed 3200K, reserved 1048576K
}
Event: 25.042 GC heap after
{Heap after GC invocations=18 (full 0):
 garbage-first heap   total 133120K, used 14488K [0x0000000780000000, 0x0000000800000000)
  region size 1024K, 1 young (1024K), 1 survivors (1024K)
 Metaspace       used 19550K, capacity 20448K, committed 20608K, reserved 1067008K
  class space    used 2812K, capacity 3158K, committed 3200K, reserved 1048576K
}
Event: 25.185 GC heap before
{Heap before GC invocations=18 (full 0):
 garbage-first heap   total 133120K, used 91288K [0x0000000780000000, 0x0000000800000000)
  region size 1024K, 76 young (77824K), 1 survivors (1024K)
 Metaspace       used 19550K, capacity 20448K, committed 20608K, reserved 1067008K
  class space    used 2812K, capacity 3158K, committed 3200K, reserved 1048576K
}
Event: 25.186 GC heap after
{Heap after GC invocations=19 (full 0):
 garbage-first heap   total 133120K, used 14496K [0x0000000780000000, 0x0000000800000000)
  region size 1024K, 1 young (1024K), 1 survivors (1024K)
 Metaspace       used 19550K, capacity 20448K, committed 20608K, reserved 1067008K
  class space    used 2812K, capacity 3158K, committed 3200K, reserved 1048576K
}
Event: 25.308 GC heap before
{Heap before GC invocations=19 (full 0):
 garbage-first heap   total 133120K, used 91296K [0x0000000780000000, 0x0000000800000000)
  region size 1024K, 76 young (77824K), 1 survivors (1024K)
 Metaspace       used 19550K, capacity 20448K, committed 20608K, reserved 1067008K
  class space    used 2812K, capacity 3158K, committed 3200K, reserved 1048576K
}
Event: 25.308 GC heap after
{Heap after GC invocations=20 (full 0):
 garbage-first heap   total 133120K, used 14501K [0x0000000780000000, 0x0000000800000000)
  region size 1024K, 1 young (1024K), 1 survivors (1024K)
 Metaspace       used 19550K, capacity 20448K, committed 20608K, reserved 1067008K
  class space    used 2812K, capacity 3158K, committed 3200K, reserved 1048576K
}
Event: 25.473 GC heap before
{Heap before GC invocations=20 (full 0):
 garbage-first heap   total 133120K, used 91301K [0x0000000780000000, 0x0000000800000000)
  region size 1024K, 76 young (77824K), 1 survivors (1024K)
 Metaspace       used 19560K, capacity 20448K, committed 20608K, reserved 1067008K
  class space    used 2812K, capacity 3158K, committed 3200K, reserved 1048576K
}
Event: 25.476 GC heap after
{Heap after GC invocations=21 (full 0):
 garbage-first heap   total 133120K, used 14501K [0x0000000780000000, 0x0000000800000000)
  region size 1024K, 1 young (1024K), 1 survivors (1024K)
 Metaspace       used 19560K, capacity 20448K, committed 20608K, reserved 1067008K
  class space    used 2812K, capacity 3158K, committed 3200K, reserved 1048576K
}
Event: 25.622 GC heap before
{Heap before GC invocations=21 (full 0):
 garbage-first heap   total 133120K, used 91301K [0x0000000780000000, 0x0000000800000000)
  region size 1024K, 76 young (77824K), 1 survivors (1024K)
 Metaspace       used 19560K, capacity 20448K, committed 20608K, reserved 1067008K
  class space    used 2812K, capacity 3158K, committed 3200K, reserved 1048576K
}
Event: 25.624 GC heap after
{Heap after GC invocations=22 (full 0):
 garbage-first heap   total 133120K, used 14501K [0x0000000780000000, 0x0000000800000000)
  region size 1024K, 1 young (1024K), 1 survivors (1024K)
 Metaspace       used 19560K, capacity 20448K, committed 20608K, reserved 1067008K
  class space    used 2812K, capacity 3158K, committed 3200K, reserved 1048576K
}
Event: 25.752 GC heap before
{Heap before GC invocations=22 (full 0):
 garbage-first heap   total 133120K, used 91301K [0x0000000780000000, 0x0000000800000000)
  region size 1024K, 76 young (77824K), 1 survivors (1024K)
 Metaspace       used 19560K, capacity 20448K, committed 20608K, reserved 1067008K
  class space    used 2812K, capacity 3158K, committed 3200K, reserved 1048576K
}
Event: 25.753 GC heap after
{Heap after GC invocations=23 (full 0):
 garbage-first heap   total 133120K, used 14508K [0x0000000780000000, 0x0000000800000000)
  region size 1024K, 1 young (1024K), 1 survivors (1024K)
 Metaspace       used 19560K, capacity 20448K, committed 20608K, reserved 1067008K
  class space    used 2812K, capacity 3158K, committed 3200K, reserved 1048576K
}
Event: 25.866 GC heap before
{Heap before GC invocations=23 (full 0):
 garbage-first heap   total 133120K, used 91308K [0x0000000780000000, 0x0000000800000000)
  region size 1024K, 76 young (77824K), 1 survivors (1024K)
 Metaspace       used 19560K, capacity 20448K, committed 20608K, reserved 1067008K
  class space    used 2812K, capacity 3158K, committed 3200K, reserved 1048576K
}
Event: 25.867 GC heap after
{Heap after GC invocations=24 (full 0):
 garbage-first heap   total 133120K, used 14514K [0x0000000780000000, 0x0000000800000000)
  region size 1024K, 1 young (1024K), 1 survivors (1024K)
 Metaspace       used 19560K, capacity 20448K, committed 20608K, reserved 1067008K
  class space    used 2812K, capacity 3158K, committed 3200K, reserved 1048576K
}
Event: 25.989 GC heap before
{Heap before GC invocations=24 (full 0):
 garbage-first heap   total 133120K, used 91314K [0x0000000780000000, 0x0000000800000000)
  region size 1024K, 76 young (77824K), 1 survivors (1024K)
 Metaspace       used 19560K, capacity 20448K, committed 20608K, reserved 1067008K
  class space    used 2812K, capacity 3158K, committed 3200K, reserved 1048576K
}
Event: 25.990 GC heap after
{Heap after GC invocations=25 (full 0):
 garbage-first heap   total 133120K, used 14513K [0x0000000780000000, 0x0000000800000000)
  region size 1024K, 1 young (1024K), 1 survivors (1024K)
 Metaspace       used 19560K, capacity 20448K, committed 20608K, reserved 1067008K
  class space    used 2812K, capacity 3158K, committed 3200K, reserved 1048576K
}
Event: 26.126 GC heap before
{Heap before GC invocations=25 (full 0):
 garbage-first heap   total 133120K, used 91313K [0x0000000780000000, 0x0000000800000000)
  region size 1024K, 76 young (77824K), 1 survivors (1024K)
 Metaspace       used 19560K, capacity 20448K, committed 20608K, reserved 1067008K
  class space    used 2812K, capacity 3158K, committed 3200K, reserved 1048576K
}
Event: 26.127 GC heap after
{Heap after GC invocations=26 (full 0):
 garbage-first heap   total 133120K, used 14518K [0x0000000780000000, 0x0000000800000000)
  region size 1024K, 1 young (1024K), 1 survivors (1024K)
 Metaspace       used 19560K, capacity 20448K, committed 20608K, reserved 1067008K
  class space    used 2812K, capacity 3158K, committed 3200K, reserved 1048576K
}
Event: 26.260 GC heap before
{Heap before GC invocations=26 (full 0):
 garbage-first heap   total 133120K, used 91318K [0x0000000780000000, 0x0000000800000000)
  region size 1024K, 76 young (77824K), 1 survivors (1024K)
 Metaspace       used 19561K, capacity 20448K, committed 20608K, reserved 1067008K
  class space    used 2812K, capacity 3158K, committed 3200K, reserved 1048576K
}
Event: 26.261 GC heap after
{Heap after GC invocations=27 (full 0):
 garbage-first heap   total 133120K, used 14517K [0x0000000780000000, 0x0000000800000000)
  region size 1024K, 1 young (1024K), 1 survivors (1024K)
 Metaspace       used 19561K, capacity 20448K, committed 20608K, reserved 1067008K
  class space    used 2812K, capacity 3158K, committed 3200K, reserved 1048576K
}

